<annotation>
	<folder>validate</folder>
	<filename>test-network.png</filename>
	<path>/Users/romanburkard/foronered/simspace/pi-network-upload/modeldata/validate/test-network.png</path>
	<source>
		<database>Unknown</database>
	</source>
	<size>
		<width>1826</width>
		<height>1890</height>
		<depth>3</depth>
	</size>
	<segmented>0</segmented>
	<object>
		<name>server</name>
		<pose>Unspecified</pose>
		<truncated>0</truncated>
		<difficult>0</difficult>
		<bndbox>
			<xmin>579</xmin>
			<ymin>285</ymin>
			<xmax>669</xmax>
			<ymax>364</ymax>
		</bndbox>
	</object>
	<object>
		<name>server</name>
		<pose>Unspecified</pose>
		<truncated>0</truncated>
		<difficult>0</difficult>
		<bndbox>
			<xmin>701</xmin>
			<ymin>284</ymin>
			<xmax>784</xmax>
			<ymax>367</ymax>
		</bndbox>
	</object>
	<object>
		<name>client</name>
		<pose>Unspecified</pose>
		<truncated>0</truncated>
		<difficult>0</difficult>
		<bndbox>
			<xmin>586</xmin>
			<ymin>408</ymin>
			<xmax>671</xmax>
			<ymax>475</ymax>
		</bndbox>
	</object>
	<object>
		<name>server</name>
		<pose>Unspecified</pose>
		<truncated>0</truncated>
		<difficult>0</difficult>
		<bndbox>
			<xmin>1064</xmin>
			<ymin>95</ymin>
			<xmax>1156</xmax>
			<ymax>175</ymax>
		</bndbox>
	</object>
	<object>
		<name>client</name>
		<pose>Unspecified</pose>
		<truncated>0</truncated>
		<difficult>0</difficult>
		<bndbox>
			<xmin>1186</xmin>
			<ymin>93</ymin>
			<xmax>1269</xmax>
			<ymax>171</ymax>
		</bndbox>
	</object>
	<object>
		<name>client</name>
		<pose>Unspecified</pose>
		<truncated>0</truncated>
		<difficult>0</difficult>
		<bndbox>
			<xmin>1297</xmin>
			<ymin>102</ymin>
			<xmax>1386</xmax>
			<ymax>173</ymax>
		</bndbox>
	</object>
	<object>
		<name>server</name>
		<pose>Unspecified</pose>
		<truncated>0</truncated>
		<difficult>0</difficult>
		<bndbox>
			<xmin>1069</xmin>
			<ymin>208</ymin>
			<xmax>1151</xmax>
			<ymax>288</ymax>
		</bndbox>
	</object>
	<object>
		<name>server</name>
		<pose>Unspecified</pose>
		<truncated>0</truncated>
		<difficult>0</difficult>
		<bndbox>
			<xmin>1186</xmin>
			<ymin>206</ymin>
			<xmax>1269</xmax>
			<ymax>288</ymax>
		</bndbox>
	</object>
	<object>
		<name>server</name>
		<pose>Unspecified</pose>
		<truncated>0</truncated>
		<difficult>0</difficult>
		<bndbox>
			<xmin>1303</xmin>
			<ymin>208</ymin>
			<xmax>1379</xmax>
			<ymax>291</ymax>
		</bndbox>
	</object>
	<object>
		<name>server</name>
		<pose>Unspecified</pose>
		<truncated>0</truncated>
		<difficult>0</difficult>
		<bndbox>
			<xmin>1069</xmin>
			<ymin>325</ymin>
			<xmax>1153</xmax>
			<ymax>404</ymax>
		</bndbox>
	</object>
	<object>
		<name>router</name>
		<pose>Unspecified</pose>
		<truncated>0</truncated>
		<difficult>0</difficult>
		<bndbox>
			<xmin>862</xmin>
			<ymin>482</ymin>
			<xmax>940</xmax>
			<ymax>554</ymax>
		</bndbox>
	</object>
	<object>
		<name>router</name>
		<pose>Unspecified</pose>
		<truncated>0</truncated>
		<difficult>0</difficult>
		<bndbox>
			<xmin>862</xmin>
			<ymin>717</ymin>
			<xmax>943</xmax>
			<ymax>799</ymax>
		</bndbox>
	</object>
	<object>
		<name>firewall</name>
		<pose>Unspecified</pose>
		<truncated>0</truncated>
		<difficult>0</difficult>
		<bndbox>
			<xmin>864</xmin>
			<ymin>938</ymin>
			<xmax>958</xmax>
			<ymax>1012</ymax>
		</bndbox>
	</object>
	<object>
		<name>server</name>
		<pose>Unspecified</pose>
		<truncated>0</truncated>
		<difficult>0</difficult>
		<bndbox>
			<xmin>1193</xmin>
			<ymin>867</ymin>
			<xmax>1277</xmax>
			<ymax>943</ymax>
		</bndbox>
	</object>
	<object>
		<name>server</name>
		<pose>Unspecified</pose>
		<truncated>0</truncated>
		<difficult>0</difficult>
		<bndbox>
			<xmin>1306</xmin>
			<ymin>860</ymin>
			<xmax>1390</xmax>
			<ymax>947</ymax>
		</bndbox>
	</object>
	<object>
		<name>client</name>
		<pose>Unspecified</pose>
		<truncated>0</truncated>
		<difficult>0</difficult>
		<bndbox>
			<xmin>1199</xmin>
			<ymin>978</ymin>
			<xmax>1279</xmax>
			<ymax>1058</ymax>
		</bndbox>
	</object>
	<object>
		<name>server</name>
		<pose>Unspecified</pose>
		<truncated>0</truncated>
		<difficult>0</difficult>
		<bndbox>
			<xmin>1308</xmin>
			<ymin>980</ymin>
			<xmax>1390</xmax>
			<ymax>1062</ymax>
		</bndbox>
	</object>
	<object>
		<name>server</name>
		<pose>Unspecified</pose>
		<truncated>0</truncated>
		<difficult>0</difficult>
		<bndbox>
			<xmin>319</xmin>
			<ymin>1160</ymin>
			<xmax>403</xmax>
			<ymax>1238</ymax>
		</bndbox>
	</object>
	<object>
		<name>server</name>
		<pose>Unspecified</pose>
		<truncated>0</truncated>
		<difficult>0</difficult>
		<bndbox>
			<xmin>438</xmin>
			<ymin>1156</ymin>
			<xmax>519</xmax>
			<ymax>1236</ymax>
		</bndbox>
	</object>
	<object>
		<name>server</name>
		<pose>Unspecified</pose>
		<truncated>0</truncated>
		<difficult>0</difficult>
		<bndbox>
			<xmin>553</xmin>
			<ymin>1158</ymin>
			<xmax>632</xmax>
			<ymax>1234</ymax>
		</bndbox>
	</object>
	<object>
		<name>server</name>
		<pose>Unspecified</pose>
		<truncated>0</truncated>
		<difficult>0</difficult>
		<bndbox>
			<xmin>325</xmin>
			<ymin>1271</ymin>
			<xmax>403</xmax>
			<ymax>1352</ymax>
		</bndbox>
	</object>
	<object>
		<name>server</name>
		<pose>Unspecified</pose>
		<truncated>0</truncated>
		<difficult>0</difficult>
		<bndbox>
			<xmin>438</xmin>
			<ymin>1275</ymin>
			<xmax>519</xmax>
			<ymax>1354</ymax>
		</bndbox>
	</object>
	<object>
		<name>server</name>
		<pose>Unspecified</pose>
		<truncated>0</truncated>
		<difficult>0</difficult>
		<bndbox>
			<xmin>553</xmin>
			<ymin>1271</ymin>
			<xmax>632</xmax>
			<ymax>1352</ymax>
		</bndbox>
	</object>
	<object>
		<name>server</name>
		<pose>Unspecified</pose>
		<truncated>0</truncated>
		<difficult>0</difficult>
		<bndbox>
			<xmin>1440</xmin>
			<ymin>1206</ymin>
			<xmax>1521</xmax>
			<ymax>1288</ymax>
		</bndbox>
	</object>
	<object>
		<name>server</name>
		<pose>Unspecified</pose>
		<truncated>0</truncated>
		<difficult>0</difficult>
		<bndbox>
			<xmin>1325</xmin>
			<ymin>1325</ymin>
			<xmax>1403</xmax>
			<ymax>1399</ymax>
		</bndbox>
	</object>
	<object>
		<name>client</name>
		<pose>Unspecified</pose>
		<truncated>0</truncated>
		<difficult>0</difficult>
		<bndbox>
			<xmin>1329</xmin>
			<ymin>1212</ymin>
			<xmax>1408</xmax>
			<ymax>1284</ymax>
		</bndbox>
	</object>
	<object>
		<name>client</name>
		<pose>Unspecified</pose>
		<truncated>0</truncated>
		<difficult>0</difficult>
		<bndbox>
			<xmin>1438</xmin>
			<ymin>1328</ymin>
			<xmax>1523</xmax>
			<ymax>1395</ymax>
		</bndbox>
	</object>
	<object>
		<name>client</name>
		<pose>Unspecified</pose>
		<truncated>0</truncated>
		<difficult>0</difficult>
		<bndbox>
			<xmin>521</xmin>
			<ymin>1634</ymin>
			<xmax>599</xmax>
			<ymax>1699</ymax>
		</bndbox>
	</object>
	<object>
		<name>client</name>
		<pose>Unspecified</pose>
		<truncated>0</truncated>
		<difficult>0</difficult>
		<bndbox>
			<xmin>634</xmin>
			<ymin>1628</ymin>
			<xmax>710</xmax>
			<ymax>1699</ymax>
		</bndbox>
	</object>
	<object>
		<name>client</name>
		<pose>Unspecified</pose>
		<truncated>0</truncated>
		<difficult>0</difficult>
		<bndbox>
			<xmin>521</xmin>
			<ymin>1745</ymin>
			<xmax>597</xmax>
			<ymax>1815</ymax>
		</bndbox>
	</object>
	<object>
		<name>client</name>
		<pose>Unspecified</pose>
		<truncated>0</truncated>
		<difficult>0</difficult>
		<bndbox>
			<xmin>632</xmin>
			<ymin>1745</ymin>
			<xmax>712</xmax>
			<ymax>1812</ymax>
		</bndbox>
	</object>
	<object>
		<name>client</name>
		<pose>Unspecified</pose>
		<truncated>0</truncated>
		<difficult>0</difficult>
		<bndbox>
			<xmin>1121</xmin>
			<ymin>1630</ymin>
			<xmax>1197</xmax>
			<ymax>1697</ymax>
		</bndbox>
	</object>
	<object>
		<name>client</name>
		<pose>Unspecified</pose>
		<truncated>0</truncated>
		<difficult>0</difficult>
		<bndbox>
			<xmin>1234</xmin>
			<ymin>1628</ymin>
			<xmax>1314</xmax>
			<ymax>1699</ymax>
		</bndbox>
	</object>
	<object>
		<name>client</name>
		<pose>Unspecified</pose>
		<truncated>0</truncated>
		<difficult>0</difficult>
		<bndbox>
			<xmin>1121</xmin>
			<ymin>1738</ymin>
			<xmax>1197</xmax>
			<ymax>1812</ymax>
		</bndbox>
	</object>
	<object>
		<name>client</name>
		<pose>Unspecified</pose>
		<truncated>0</truncated>
		<difficult>0</difficult>
		<bndbox>
			<xmin>1232</xmin>
			<ymin>1741</ymin>
			<xmax>1316</xmax>
			<ymax>1810</ymax>
		</bndbox>
	</object>
	<object>
		<name>router</name>
		<pose>Unspecified</pose>
		<truncated>0</truncated>
		<difficult>0</difficult>
		<bndbox>
			<xmin>882</xmin>
			<ymin>1217</ymin>
			<xmax>958</xmax>
			<ymax>1291</ymax>
		</bndbox>
	</object>
</annotation>
